#
# There is insufficient memory for the Java Runtime Environment to continue.
# Native memory allocation (malloc) failed to allocate 1862256 bytes for Chunk::new
# Possible reasons:
#   The system is out of physical RAM or swap space
#   The process is running with CompressedOops enabled, and the Java Heap may be blocking the growth of the native heap
# Possible solutions:
#   Reduce memory load on the system
#   Increase physical memory or swap space
#   Check if swap backing store is full
#   Decrease Java heap size (-Xmx/-Xms)
#   Decrease number of Java threads
#   Decrease Java thread stack sizes (-Xss)
#   Set larger code cache with -XX:ReservedCodeCacheSize=
#   JVM is running with Unscaled Compressed Oops mode in which the Java heap is
#     placed in the first 4GB address space. The Java Heap base address is the
#     maximum limit for the native heap growth. Please use -XX:HeapBaseMinAddress
#     to set the Java Heap base and to place the Java Heap above 4GB virtual address.
# This output file may be truncated or incomplete.
#
#  Out of Memory Error (arena.cpp:189), pid=4492, tid=16332
#
# JRE version: OpenJDK Runtime Environment Temurin-17.0.7+7 (17.0.7+7) (build 17.0.7+7)
# Java VM: OpenJDK 64-Bit Server VM Temurin-17.0.7+7 (17.0.7+7, mixed mode, tiered, compressed oops, compressed class ptrs, parallel gc, windows-amd64)
# No core dump will be written. Minidumps are not enabled by default on client versions of Windows
#

---------------  S U M M A R Y ------------

Command Line: --add-modules=ALL-SYSTEM --add-opens=java.base/java.util=ALL-UNNAMED --add-opens=java.base/java.lang=ALL-UNNAMED --add-opens=java.base/sun.nio.fs=ALL-UNNAMED -Declipse.application=org.eclipse.jdt.ls.core.id1 -Dosgi.bundles.defaultStartLevel=4 -Declipse.product=org.eclipse.jdt.ls.core.product -Djava.import.generatesMetadataFilesAtProjectRoot=false -Dfile.encoding=utf8 -XX:+UseParallelGC -XX:GCTimeRatio=4 -XX:AdaptiveSizePolicyWeight=90 -Dsun.zip.disableMemoryMapping=true -Xmx1G -Xms100m -Xlog:disable -javaagent:c:\Users\admin\.vscode\extensions\redhat.java-1.21.0-win32-x64\lombok\lombok-1.18.28.jar -XX:+HeapDumpOnOutOfMemoryError -XX:HeapDumpPath=c:\Users\admin\AppData\Roaming\Code\User\workspaceStorage\94fc6edb0265924fcc47b856469917b5\redhat.java -Daether.dependencyCollector.impl=bf c:\Users\admin\.vscode\extensions\redhat.java-1.21.0-win32-x64\server\plugins\org.eclipse.equinox.launcher_1.6.500.v20230717-2134.jar -configuration c:\Users\admin\AppData\Roaming\Code\User\globalStorage\redhat.java\1.21.0\config_win -data c:\Users\admin\AppData\Roaming\Code\User\workspaceStorage\94fc6edb0265924fcc47b856469917b5\redhat.java\jdt_ws

Host: Intel(R) Core(TM) i5-4300M CPU @ 2.60GHz, 4 cores, 7G,  Windows 10 , 64 bit Build 19041 (10.0.19041.3155)
Time: Wed Aug  9 23:55:26 2023 India Standard Time elapsed time: 662.488344 seconds (0d 0h 11m 2s)

---------------  T H R E A D  ---------------

Current thread (0x000001ff446282c0):  JavaThread "C2 CompilerThread0" daemon [_thread_in_native, id=16332, stack(0x0000008b5be00000,0x0000008b5bf00000)]


Current CompileTask:
C2: 662488 17569   !   4       org.eclipse.jdt.internal.compiler.lookup.BinaryTypeBinding::superclass (207 bytes)

Stack: [0x0000008b5be00000,0x0000008b5bf00000]
Native frames: (J=compiled Java code, j=interpreted, Vv=VM code, C=native code)
V  [jvm.dll+0x67754a]
V  [jvm.dll+0x834304]
V  [jvm.dll+0x835aae]
V  [jvm.dll+0x836113]
V  [jvm.dll+0x24696f]
V  [jvm.dll+0xac0ac]
V  [jvm.dll+0xac67c]
V  [jvm.dll+0x364de2]
V  [jvm.dll+0x32f6b1]
V  [jvm.dll+0x32eb5a]
V  [jvm.dll+0x219641]
V  [jvm.dll+0x218a61]
V  [jvm.dll+0x1a4d8d]
V  [jvm.dll+0x2284da]
V  [jvm.dll+0x226615]
V  [jvm.dll+0x7ea90b]
V  [jvm.dll+0x7e4e7a]
V  [jvm.dll+0x676395]
C  [ucrtbase.dll+0x21bb2]
C  [KERNEL32.DLL+0x17614]
C  [ntdll.dll+0x526b1]


---------------  P R O C E S S  ---------------

Threads class SMR info:
_java_thread_list=0x000001ff4ad87530, length=34, elements={
0x000001ff307b9100, 0x000001ff445dd750, 0x000001ff445dff00, 0x000001ff44619130,
0x000001ff4461a650, 0x000001ff446208c0, 0x000001ff4461e240, 0x000001ff446282c0,
0x000001ff497907c0, 0x000001ff4464ded0, 0x000001ff4461f580, 0x000001ff4461f0b0,
0x000001ff446203f0, 0x000001ff4461ff20, 0x000001ff4461e710, 0x000001ff4461fa50,
0x000001ff44621c00, 0x000001ff4aa33080, 0x000001ff4aa35230, 0x000001ff4aa35bd0,
0x000001ff4aa39590, 0x000001ff4aa373e0, 0x000001ff4aa3a8d0, 0x000001ff4aa36f10,
0x000001ff4aa38bf0, 0x000001ff4aa38250, 0x000001ff4d047a20, 0x000001ff4d044530,
0x000001ff4d0453a0, 0x000001ff4d045870, 0x000001ff4d049bd0, 0x000001ff4d04aa40,
0x000001ff4aa33550, 0x000001ff4983cf00
}

Java Threads: ( => current thread )
  0x000001ff307b9100 JavaThread "main" [_thread_blocked, id=7756, stack(0x0000008b5b500000,0x0000008b5b600000)]
  0x000001ff445dd750 JavaThread "Reference Handler" daemon [_thread_blocked, id=9852, stack(0x0000008b5b800000,0x0000008b5b900000)]
  0x000001ff445dff00 JavaThread "Finalizer" daemon [_thread_blocked, id=12356, stack(0x0000008b5b900000,0x0000008b5ba00000)]
  0x000001ff44619130 JavaThread "Signal Dispatcher" daemon [_thread_blocked, id=15200, stack(0x0000008b5ba00000,0x0000008b5bb00000)]
  0x000001ff4461a650 JavaThread "Attach Listener" daemon [_thread_blocked, id=14644, stack(0x0000008b5bb00000,0x0000008b5bc00000)]
  0x000001ff446208c0 JavaThread "Service Thread" daemon [_thread_blocked, id=1540, stack(0x0000008b5bc00000,0x0000008b5bd00000)]
  0x000001ff4461e240 JavaThread "Monitor Deflation Thread" daemon [_thread_blocked, id=9320, stack(0x0000008b5bd00000,0x0000008b5be00000)]
=>0x000001ff446282c0 JavaThread "C2 CompilerThread0" daemon [_thread_in_native, id=16332, stack(0x0000008b5be00000,0x0000008b5bf00000)]
  0x000001ff497907c0 JavaThread "C1 CompilerThread0" daemon [_thread_blocked, id=6692, stack(0x0000008b5bf00000,0x0000008b5c000000)]
  0x000001ff4464ded0 JavaThread "Sweeper thread" daemon [_thread_blocked, id=13072, stack(0x0000008b5c000000,0x0000008b5c100000)]
  0x000001ff4461f580 JavaThread "Common-Cleaner" daemon [_thread_blocked, id=10284, stack(0x0000008b5c100000,0x0000008b5c200000)]
  0x000001ff4461f0b0 JavaThread "Notification Thread" daemon [_thread_blocked, id=8188, stack(0x0000008b5c200000,0x0000008b5c300000)]
  0x000001ff446203f0 JavaThread "Active Thread: Equinox Container: 4d03814e-56ea-4a05-a5a8-461a2d90138b" [_thread_blocked, id=16024, stack(0x0000008b5c700000,0x0000008b5c800000)]
  0x000001ff4461ff20 JavaThread "Framework Event Dispatcher: Equinox Container: 4d03814e-56ea-4a05-a5a8-461a2d90138b" daemon [_thread_blocked, id=15504, stack(0x0000008b5c900000,0x0000008b5ca00000)]
  0x000001ff4461e710 JavaThread "Start Level: Equinox Container: 4d03814e-56ea-4a05-a5a8-461a2d90138b" daemon [_thread_blocked, id=9388, stack(0x0000008b5ca00000,0x0000008b5cb00000)]
  0x000001ff4461fa50 JavaThread "SCR Component Actor" daemon [_thread_blocked, id=15524, stack(0x0000008b5cb00000,0x0000008b5cc00000)]
  0x000001ff44621c00 JavaThread "Worker-JM" [_thread_blocked, id=15880, stack(0x0000008b5cc00000,0x0000008b5cd00000)]
  0x000001ff4aa33080 JavaThread "Java indexing" daemon [_thread_blocked, id=17004, stack(0x0000008b5d000000,0x0000008b5d100000)]
  0x000001ff4aa35230 JavaThread "Worker-3" [_thread_blocked, id=17044, stack(0x0000008b5d200000,0x0000008b5d300000)]
  0x000001ff4aa35bd0 JavaThread "JNA Cleaner" daemon [_thread_blocked, id=17200, stack(0x0000008b5cf00000,0x0000008b5d000000)]
  0x000001ff4aa39590 JavaThread "pool-2-thread-1" [_thread_blocked, id=17240, stack(0x0000008b5d600000,0x0000008b5d700000)]
  0x000001ff4aa373e0 JavaThread "WorkspaceEventsHandler" [_thread_blocked, id=17344, stack(0x0000008b5d700000,0x0000008b5d800000)]
  0x000001ff4aa3a8d0 JavaThread "pool-1-thread-1" [_thread_in_native, id=17348, stack(0x0000008b5d800000,0x0000008b5d900000)]
  0x000001ff4aa36f10 JavaThread "ForkJoinPool.commonPool-worker-2" daemon [_thread_in_Java, id=17260, stack(0x0000008b5d500000,0x0000008b5d600000)]
  0x000001ff4aa38bf0 JavaThread "ForkJoinPool.commonPool-worker-3" daemon [_thread_blocked, id=17248, stack(0x0000008b5db00000,0x0000008b5dc00000)]
  0x000001ff4aa38250 JavaThread "Bundle File Closer" daemon [_thread_blocked, id=17308, stack(0x0000008b5dc00000,0x0000008b5dd00000)]
  0x000001ff4d047a20 JavaThread "Worker-5" [_thread_blocked, id=17300, stack(0x0000008b5b400000,0x0000008b5b500000)]
  0x000001ff4d044530 JavaThread "ForkJoinPool.commonPool-worker-4" daemon [_thread_blocked, id=14072, stack(0x0000008b5b300000,0x0000008b5b400000)]
  0x000001ff4d0453a0 JavaThread "Worker-6" [_thread_blocked, id=17352, stack(0x0000008b5cd00000,0x0000008b5ce00000)]
  0x000001ff4d045870 JavaThread "Worker-7" [_thread_blocked, id=1820, stack(0x0000008b5ce00000,0x0000008b5cf00000)]
  0x000001ff4d049bd0 JavaThread "ForkJoinPool.commonPool-worker-5" daemon [_thread_blocked, id=15024, stack(0x0000008b5d100000,0x0000008b5d200000)]
  0x000001ff4d04aa40 JavaThread "Worker-8" [_thread_blocked, id=10408, stack(0x0000008b5d300000,0x0000008b5d400000)]
  0x000001ff4aa33550 JavaThread "Worker-9" [_thread_blocked, id=9068, stack(0x0000008b5d400000,0x0000008b5d500000)]
  0x000001ff4983cf00 JavaThread "C2 CompilerThread1" daemon [_thread_in_native, id=11104, stack(0x0000008b5c800000,0x0000008b5c900000)]

Other Threads:
  0x000001ff445c6730 VMThread "VM Thread" [stack: 0x0000008b5b700000,0x0000008b5b800000] [id=5816]
  0x000001ff49a28870 WatcherThread [stack: 0x0000008b5c300000,0x0000008b5c400000] [id=12520]
  0x000001ff307d0100 GCTaskThread "GC Thread#0" [stack: 0x0000008b5b600000,0x0000008b5b700000] [id=15224]
  0x000001ff4a216020 GCTaskThread "GC Thread#1" [stack: 0x0000008b5c400000,0x0000008b5c500000] [id=15688]
  0x000001ff49b5e660 GCTaskThread "GC Thread#2" [stack: 0x0000008b5c500000,0x0000008b5c600000] [id=12492]
  0x000001ff4a355a20 GCTaskThread "GC Thread#3" [stack: 0x0000008b5c600000,0x0000008b5c700000] [id=16364]

Threads with active compile tasks:
C2 CompilerThread0   662594 17569   !   4       org.eclipse.jdt.internal.compiler.lookup.BinaryTypeBinding::superclass (207 bytes)
C2 CompilerThread1   662594 19083   !   4       org.eclipse.jdt.internal.compiler.lookup.SourceTypeBinding::resolveTypesWithSuspendedTempErrorHandlingPolicy (1734 bytes)

VM state: not at safepoint (normal execution)

VM Mutex/Monitor currently owned by a thread: None

Heap address: 0x00000000c0000000, size: 1024 MB, Compressed Oops mode: 32-bit

CDS archive(s) not mapped
Compressed class space mapped at: 0x0000000100000000-0x0000000140000000, reserved size: 1073741824
Narrow klass base: 0x0000000000000000, Narrow klass shift: 3, Narrow klass range: 0x140000000

GC Precious Log:
 CPUs: 4 total, 4 available
 Memory: 8071M
 Large Page Support: Disabled
 NUMA Support: Disabled
 Compressed Oops: Enabled (32-bit)
 Alignments: Space 512K, Generation 512K, Heap 2M
 Heap Min Capacity: 100M
 Heap Initial Capacity: 100M
 Heap Max Capacity: 1G
 Pre-touch: Disabled
 Parallel Workers: 4

Heap:
 PSYoungGen      total 51712K, used 43873K [0x00000000eab00000, 0x00000000f0700000, 0x0000000100000000)
  eden space 25088K, 68% used [0x00000000eab00000,0x00000000ebbdfa08,0x00000000ec380000)
  from space 26624K, 99% used [0x00000000ec380000,0x00000000edd78d80,0x00000000edd80000)
  to   space 33792K, 0% used [0x00000000ee600000,0x00000000ee600000,0x00000000f0700000)
 ParOldGen       total 665088K, used 637455K [0x00000000c0000000, 0x00000000e8980000, 0x00000000eab00000)
  object space 665088K, 95% used [0x00000000c0000000,0x00000000e6e83c48,0x00000000e8980000)
 Metaspace       used 81076K, committed 82112K, reserved 1179648K
  class space    used 8126K, committed 8576K, reserved 1048576K

Card table byte_map: [0x000001ff30170000,0x000001ff30380000] _byte_map_base: 0x000001ff2fb70000

Marking Bits: (ParMarkBitMap*) 0x00007ffc2b1352c0
 Begin Bits: [0x000001ff42450000, 0x000001ff43450000)
 End Bits:   [0x000001ff43450000, 0x000001ff44450000)

Polling page: 0x000001ff2e5a0000

Metaspace:

Usage:
  Non-class:     71.24 MB used.
      Class:      7.94 MB used.
       Both:     79.18 MB used.

Virtual space:
  Non-class space:      128.00 MB reserved,      71.81 MB ( 56%) committed,  2 nodes.
      Class space:        1.00 GB reserved,       8.38 MB ( <1%) committed,  1 nodes.
             Both:        1.12 GB reserved,      80.19 MB (  7%) committed. 

Chunk freelists:
   Non-Class:  8.19 MB
       Class:  7.50 MB
        Both:  15.69 MB

MaxMetaspaceSize: unlimited
CompressedClassSpaceSize: 1.00 GB
Initial GC threshold: 21.00 MB
Current GC threshold: 131.25 MB
CDS: off
MetaspaceReclaimPolicy: balanced
 - commit_granule_bytes: 65536.
 - commit_granule_words: 8192.
 - virtual_space_node_default_size: 8388608.
 - enlarge_chunks_in_place: 1.
 - new_chunks_are_fully_committed: 0.
 - uncommit_free_chunks: 1.
 - use_allocation_guard: 0.
 - handle_deallocations: 1.


Internal statistics:

num_allocs_failed_limit: 9.
num_arena_births: 802.
num_arena_deaths: 84.
num_vsnodes_births: 3.
num_vsnodes_deaths: 0.
num_space_committed: 1283.
num_space_uncommitted: 0.
num_chunks_returned_to_freelist: 98.
num_chunks_taken_from_freelist: 4301.
num_chunk_merges: 33.
num_chunk_splits: 2640.
num_chunks_enlarged: 1489.
num_inconsistent_stats: 0.

CodeHeap 'non-profiled nmethods': size=120000Kb used=14299Kb max_used=14928Kb free=105700Kb
 bounds [0x000001ff3af20000, 0x000001ff3be20000, 0x000001ff42450000]
CodeHeap 'profiled nmethods': size=120000Kb used=32700Kb max_used=32700Kb free=87300Kb
 bounds [0x000001ff33450000, 0x000001ff35450000, 0x000001ff3a980000]
CodeHeap 'non-nmethods': size=5760Kb used=1390Kb max_used=1511Kb free=4369Kb
 bounds [0x000001ff3a980000, 0x000001ff3abf0000, 0x000001ff3af20000]
 total_blobs=14908 nmethods=14172 adapters=644
 compilation: enabled
              stopped_count=0, restarted_count=0
 full_count=0

Compilation events (20 events):
Event: 662.032 Thread 0x000001ff497907c0 nmethod 19101 0x000001ff3527e790 code [0x000001ff3527e940, 0x000001ff3527eaf8]
Event: 662.033 Thread 0x000001ff497907c0 19102   !   2       org.eclipse.jdt.internal.compiler.ast.SwitchStatement::resolve (1651 bytes)
Event: 662.050 Thread 0x000001ff497907c0 nmethod 19102 0x000001ff3541eb10 code [0x000001ff3541f120, 0x000001ff35421ff8]
Event: 662.132 Thread 0x000001ff497907c0 19103       3       org.eclipse.jdt.internal.compiler.ast.Javadoc::resolve (416 bytes)
Event: 662.136 Thread 0x000001ff497907c0 nmethod 19103 0x000001ff35425f90 code [0x000001ff35426420, 0x000001ff354292c8]
Event: 662.159 Thread 0x000001ff497907c0 19104       3       org.eclipse.jdt.internal.compiler.ast.MessageSend::registerInferenceContext (29 bytes)
Event: 662.160 Thread 0x000001ff497907c0 nmethod 19104 0x000001ff3542a490 code [0x000001ff3542a640, 0x000001ff3542a8f8]
Event: 662.184 Thread 0x000001ff497907c0 19105       3       org.eclipse.jdt.internal.compiler.ast.Expression$1::visit (10 bytes)
Event: 662.185 Thread 0x000001ff497907c0 nmethod 19105 0x000001ff3542aa90 code [0x000001ff3542ac40, 0x000001ff3542af48]
Event: 662.281 Thread 0x000001ff497907c0 19106       3       org.eclipse.jdt.internal.compiler.ast.AllocationExpression::cleanUpInferenceContexts (65 bytes)
Event: 662.282 Thread 0x000001ff497907c0 nmethod 19106 0x000001ff3542b090 code [0x000001ff3542b260, 0x000001ff3542b6b8]
Event: 662.290 Thread 0x000001ff497907c0 19107       3       org.eclipse.jdt.internal.compiler.ast.SingleMemberAnnotation::computeElementValuePairs (17 bytes)
Event: 662.291 Thread 0x000001ff497907c0 nmethod 19107 0x000001ff3542b810 code [0x000001ff3542b9c0, 0x000001ff3542bd88]
Event: 662.292 Thread 0x000001ff497907c0 19108       3       org.eclipse.jdt.internal.compiler.ast.AND_AND_Expression::resolveType (49 bytes)
Event: 662.293 Thread 0x000001ff497907c0 nmethod 19108 0x000001ff3542bf10 code [0x000001ff3542c100, 0x000001ff3542c5e8]
Event: 662.333 Thread 0x000001ff497907c0 19111       2       org.eclipse.jdt.internal.compiler.lookup.CompilationUnitScope::checkMoreStaticBindings (82 bytes)
Event: 662.334 Thread 0x000001ff497907c0 nmethod 19111 0x000001ff3542c790 code [0x000001ff3542c980, 0x000001ff3542cc48]
Event: 662.350 Thread 0x000001ff497907c0 19112       2       org.eclipse.jdt.internal.compiler.lookup.BinaryTypeBinding::fields (127 bytes)
Event: 662.351 Thread 0x000001ff497907c0 nmethod 19112 0x000001ff3542ce10 code [0x000001ff3542cfe0, 0x000001ff3542d368]
Event: 662.363 Thread 0x000001ff497907c0 19113 %     3       org.eclipse.jdt.internal.compiler.lookup.Scope::mostSpecificMethodBinding @ 275 (1901 bytes)

GC Heap History (20 events):
Event: 652.781 GC heap before
{Heap before GC invocations=2108 (full 68):
 PSYoungGen      total 26112K, used 26106K [0x00000000eab00000, 0x00000000ed180000, 0x0000000100000000)
  eden space 15360K, 100% used [0x00000000eab00000,0x00000000eba00000,0x00000000eba00000)
  from space 10752K, 99% used [0x00000000eba00000,0x00000000ec47e9c0,0x00000000ec480000)
  to   space 11264K, 0% used [0x00000000ec680000,0x00000000ec680000,0x00000000ed180000)
 ParOldGen       total 665088K, used 606192K [0x00000000c0000000, 0x00000000e8980000, 0x00000000eab00000)
  object space 665088K, 91% used [0x00000000c0000000,0x00000000e4ffc1c0,0x00000000e8980000)
 Metaspace       used 80695K, committed 81792K, reserved 1179648K
  class space    used 8113K, committed 8576K, reserved 1048576K
}
Event: 652.800 GC heap after
{Heap after GC invocations=2108 (full 68):
 PSYoungGen      total 27648K, used 10401K [0x00000000eab00000, 0x00000000ed100000, 0x0000000100000000)
  eden space 16896K, 0% used [0x00000000eab00000,0x00000000eab00000,0x00000000ebb80000)
  from space 10752K, 96% used [0x00000000ec680000,0x00000000ed0a86a0,0x00000000ed100000)
  to   space 10752K, 0% used [0x00000000ebc00000,0x00000000ebc00000,0x00000000ec680000)
 ParOldGen       total 665088K, used 606192K [0x00000000c0000000, 0x00000000e8980000, 0x00000000eab00000)
  object space 665088K, 91% used [0x00000000c0000000,0x00000000e4ffc1c0,0x00000000e8980000)
 Metaspace       used 80695K, committed 81792K, reserved 1179648K
  class space    used 8113K, committed 8576K, reserved 1048576K
}
Event: 653.287 GC heap before
{Heap before GC invocations=2109 (full 68):
 PSYoungGen      total 27648K, used 27297K [0x00000000eab00000, 0x00000000ed100000, 0x0000000100000000)
  eden space 16896K, 100% used [0x00000000eab00000,0x00000000ebb80000,0x00000000ebb80000)
  from space 10752K, 96% used [0x00000000ec680000,0x00000000ed0a86a0,0x00000000ed100000)
  to   space 10752K, 0% used [0x00000000ebc00000,0x00000000ebc00000,0x00000000ec680000)
 ParOldGen       total 665088K, used 606192K [0x00000000c0000000, 0x00000000e8980000, 0x00000000eab00000)
  object space 665088K, 91% used [0x00000000c0000000,0x00000000e4ffc1c0,0x00000000e8980000)
 Metaspace       used 80750K, committed 81856K, reserved 1179648K
  class space    used 8118K, committed 8576K, reserved 1048576K
}
Event: 653.330 GC heap after
{Heap after GC invocations=2109 (full 68):
 PSYoungGen      total 28160K, used 10737K [0x00000000eab00000, 0x00000000edc80000, 0x0000000100000000)
  eden space 17408K, 0% used [0x00000000eab00000,0x00000000eab00000,0x00000000ebc00000)
  from space 10752K, 99% used [0x00000000ebc00000,0x00000000ec67c4e0,0x00000000ec680000)
  to   space 15872K, 0% used [0x00000000ecd00000,0x00000000ecd00000,0x00000000edc80000)
 ParOldGen       total 665088K, used 610265K [0x00000000c0000000, 0x00000000e8980000, 0x00000000eab00000)
  object space 665088K, 91% used [0x00000000c0000000,0x00000000e53f6740,0x00000000e8980000)
 Metaspace       used 80750K, committed 81856K, reserved 1179648K
  class space    used 8118K, committed 8576K, reserved 1048576K
}
Event: 653.676 GC heap before
{Heap before GC invocations=2110 (full 68):
 PSYoungGen      total 28160K, used 28107K [0x00000000eab00000, 0x00000000edc80000, 0x0000000100000000)
  eden space 17408K, 99% used [0x00000000eab00000,0x00000000ebbf67b0,0x00000000ebc00000)
  from space 10752K, 99% used [0x00000000ebc00000,0x00000000ec67c4e0,0x00000000ec680000)
  to   space 15872K, 0% used [0x00000000ecd00000,0x00000000ecd00000,0x00000000edc80000)
 ParOldGen       total 665088K, used 610265K [0x00000000c0000000, 0x00000000e8980000, 0x00000000eab00000)
  object space 665088K, 91% used [0x00000000c0000000,0x00000000e53f6740,0x00000000e8980000)
 Metaspace       used 80774K, committed 81856K, reserved 1179648K
  class space    used 8118K, committed 8576K, reserved 1048576K
}
Event: 653.714 GC heap after
{Heap after GC invocations=2110 (full 68):
 PSYoungGen      total 30720K, used 11522K [0x00000000eab00000, 0x00000000ed880000, 0x0000000100000000)
  eden space 18944K, 0% used [0x00000000eab00000,0x00000000eab00000,0x00000000ebd80000)
  from space 11776K, 97% used [0x00000000ecd00000,0x00000000ed840978,0x00000000ed880000)
  to   space 12800K, 0% used [0x00000000ebf80000,0x00000000ebf80000,0x00000000ecc00000)
 ParOldGen       total 665088K, used 613882K [0x00000000c0000000, 0x00000000e8980000, 0x00000000eab00000)
  object space 665088K, 92% used [0x00000000c0000000,0x00000000e577e9b0,0x00000000e8980000)
 Metaspace       used 80774K, committed 81856K, reserved 1179648K
  class space    used 8118K, committed 8576K, reserved 1048576K
}
Event: 654.131 GC heap before
{Heap before GC invocations=2111 (full 68):
 PSYoungGen      total 30720K, used 30466K [0x00000000eab00000, 0x00000000ed880000, 0x0000000100000000)
  eden space 18944K, 100% used [0x00000000eab00000,0x00000000ebd80000,0x00000000ebd80000)
  from space 11776K, 97% used [0x00000000ecd00000,0x00000000ed840978,0x00000000ed880000)
  to   space 12800K, 0% used [0x00000000ebf80000,0x00000000ebf80000,0x00000000ecc00000)
 ParOldGen       total 665088K, used 613882K [0x00000000c0000000, 0x00000000e8980000, 0x00000000eab00000)
  object space 665088K, 92% used [0x00000000c0000000,0x00000000e577e9b0,0x00000000e8980000)
 Metaspace       used 80802K, committed 81920K, reserved 1179648K
  class space    used 8118K, committed 8576K, reserved 1048576K
}
Event: 654.165 GC heap after
{Heap after GC invocations=2111 (full 68):
 PSYoungGen      total 33792K, used 12777K [0x00000000eab00000, 0x00000000ee180000, 0x0000000100000000)
  eden space 20992K, 0% used [0x00000000eab00000,0x00000000eab00000,0x00000000ebf80000)
  from space 12800K, 99% used [0x00000000ebf80000,0x00000000ecbfa480,0x00000000ecc00000)
  to   space 17408K, 0% used [0x00000000ed080000,0x00000000ed080000,0x00000000ee180000)
 ParOldGen       total 665088K, used 617445K [0x00000000c0000000, 0x00000000e8980000, 0x00000000eab00000)
  object space 665088K, 92% used [0x00000000c0000000,0x00000000e5af9458,0x00000000e8980000)
 Metaspace       used 80802K, committed 81920K, reserved 1179648K
  class space    used 8118K, committed 8576K, reserved 1048576K
}
Event: 655.955 GC heap before
{Heap before GC invocations=2112 (full 68):
 PSYoungGen      total 33792K, used 33769K [0x00000000eab00000, 0x00000000ee180000, 0x0000000100000000)
  eden space 20992K, 100% used [0x00000000eab00000,0x00000000ebf80000,0x00000000ebf80000)
  from space 12800K, 99% used [0x00000000ebf80000,0x00000000ecbfa480,0x00000000ecc00000)
  to   space 17408K, 0% used [0x00000000ed080000,0x00000000ed080000,0x00000000ee180000)
 ParOldGen       total 665088K, used 617445K [0x00000000c0000000, 0x00000000e8980000, 0x00000000eab00000)
  object space 665088K, 92% used [0x00000000c0000000,0x00000000e5af9458,0x00000000e8980000)
 Metaspace       used 80836K, committed 81920K, reserved 1179648K
  class space    used 8119K, committed 8576K, reserved 1048576K
}
Event: 656.014 GC heap after
{Heap after GC invocations=2112 (full 68):
 PSYoungGen      total 37376K, used 14632K [0x00000000eab00000, 0x00000000edf00000, 0x0000000100000000)
  eden space 22528K, 0% used [0x00000000eab00000,0x00000000eab00000,0x00000000ec100000)
  from space 14848K, 98% used [0x00000000ed080000,0x00000000edeca040,0x00000000edf00000)
  to   space 15360K, 0% used [0x00000000ec100000,0x00000000ec100000,0x00000000ed000000)
 ParOldGen       total 665088K, used 621781K [0x00000000c0000000, 0x00000000e8980000, 0x00000000eab00000)
  object space 665088K, 93% used [0x00000000c0000000,0x00000000e5f35428,0x00000000e8980000)
 Metaspace       used 80836K, committed 81920K, reserved 1179648K
  class space    used 8119K, committed 8576K, reserved 1048576K
}
Event: 656.800 GC heap before
{Heap before GC invocations=2113 (full 68):
 PSYoungGen      total 37376K, used 37160K [0x00000000eab00000, 0x00000000edf00000, 0x0000000100000000)
  eden space 22528K, 100% used [0x00000000eab00000,0x00000000ec100000,0x00000000ec100000)
  from space 14848K, 98% used [0x00000000ed080000,0x00000000edeca040,0x00000000edf00000)
  to   space 15360K, 0% used [0x00000000ec100000,0x00000000ec100000,0x00000000ed000000)
 ParOldGen       total 665088K, used 621781K [0x00000000c0000000, 0x00000000e8980000, 0x00000000eab00000)
  object space 665088K, 93% used [0x00000000c0000000,0x00000000e5f35428,0x00000000e8980000)
 Metaspace       used 80938K, committed 82048K, reserved 1179648K
  class space    used 8119K, committed 8576K, reserved 1048576K
}
Event: 656.863 GC heap after
{Heap after GC invocations=2113 (full 68):
 PSYoungGen      total 37888K, used 15353K [0x00000000eab00000, 0x00000000eec80000, 0x0000000100000000)
  eden space 22528K, 0% used [0x00000000eab00000,0x00000000eab00000,0x00000000ec100000)
  from space 15360K, 99% used [0x00000000ec100000,0x00000000ecffe7d0,0x00000000ed000000)
  to   space 21504K, 0% used [0x00000000ed780000,0x00000000ed780000,0x00000000eec80000)
 ParOldGen       total 665088K, used 626844K [0x00000000c0000000, 0x00000000e8980000, 0x00000000eab00000)
  object space 665088K, 94% used [0x00000000c0000000,0x00000000e6427350,0x00000000e8980000)
 Metaspace       used 80938K, committed 82048K, reserved 1179648K
  class space    used 8119K, committed 8576K, reserved 1048576K
}
Event: 657.448 GC heap before
{Heap before GC invocations=2114 (full 68):
 PSYoungGen      total 37888K, used 37881K [0x00000000eab00000, 0x00000000eec80000, 0x0000000100000000)
  eden space 22528K, 100% used [0x00000000eab00000,0x00000000ec100000,0x00000000ec100000)
  from space 15360K, 99% used [0x00000000ec100000,0x00000000ecffe7d0,0x00000000ed000000)
  to   space 21504K, 0% used [0x00000000ed780000,0x00000000ed780000,0x00000000eec80000)
 ParOldGen       total 665088K, used 626844K [0x00000000c0000000, 0x00000000e8980000, 0x00000000eab00000)
  object space 665088K, 94% used [0x00000000c0000000,0x00000000e6427350,0x00000000e8980000)
 Metaspace       used 80974K, committed 82048K, reserved 1179648K
  class space    used 8119K, committed 8576K, reserved 1048576K
}
Event: 657.487 GC heap after
{Heap after GC invocations=2114 (full 68):
 PSYoungGen      total 44544K, used 20248K [0x00000000eab00000, 0x00000000eeb80000, 0x0000000100000000)
  eden space 24064K, 0% used [0x00000000eab00000,0x00000000eab00000,0x00000000ec280000)
  from space 20480K, 98% used [0x00000000ed780000,0x00000000eeb462f8,0x00000000eeb80000)
  to   space 20480K, 0% used [0x00000000ec380000,0x00000000ec380000,0x00000000ed780000)
 ParOldGen       total 665088K, used 626852K [0x00000000c0000000, 0x00000000e8980000, 0x00000000eab00000)
  object space 665088K, 94% used [0x00000000c0000000,0x00000000e6429350,0x00000000e8980000)
 Metaspace       used 80974K, committed 82048K, reserved 1179648K
  class space    used 8119K, committed 8576K, reserved 1048576K
}
Event: 658.908 GC heap before
{Heap before GC invocations=2115 (full 68):
 PSYoungGen      total 44544K, used 44312K [0x00000000eab00000, 0x00000000eeb80000, 0x0000000100000000)
  eden space 24064K, 100% used [0x00000000eab00000,0x00000000ec280000,0x00000000ec280000)
  from space 20480K, 98% used [0x00000000ed780000,0x00000000eeb462f8,0x00000000eeb80000)
  to   space 20480K, 0% used [0x00000000ec380000,0x00000000ec380000,0x00000000ed780000)
 ParOldGen       total 665088K, used 626852K [0x00000000c0000000, 0x00000000e8980000, 0x00000000eab00000)
  object space 665088K, 94% used [0x00000000c0000000,0x00000000e6429350,0x00000000e8980000)
 Metaspace       used 81005K, committed 82112K, reserved 1179648K
  class space    used 8124K, committed 8576K, reserved 1048576K
}
Event: 658.983 GC heap after
{Heap after GC invocations=2115 (full 68):
 PSYoungGen      total 45568K, used 20471K [0x00000000eab00000, 0x00000000ef700000, 0x0000000100000000)
  eden space 25088K, 0% used [0x00000000eab00000,0x00000000eab00000,0x00000000ec380000)
  from space 20480K, 99% used [0x00000000ec380000,0x00000000ed77dc98,0x00000000ed780000)
  to   space 26112K, 0% used [0x00000000edd80000,0x00000000edd80000,0x00000000ef700000)
 ParOldGen       total 665088K, used 631374K [0x00000000c0000000, 0x00000000e8980000, 0x00000000eab00000)
  object space 665088K, 94% used [0x00000000c0000000,0x00000000e6893a88,0x00000000e8980000)
 Metaspace       used 81005K, committed 82112K, reserved 1179648K
  class space    used 8124K, committed 8576K, reserved 1048576K
}
Event: 661.005 GC heap before
{Heap before GC invocations=2116 (full 68):
 PSYoungGen      total 45568K, used 45559K [0x00000000eab00000, 0x00000000ef700000, 0x0000000100000000)
  eden space 25088K, 100% used [0x00000000eab00000,0x00000000ec380000,0x00000000ec380000)
  from space 20480K, 99% used [0x00000000ec380000,0x00000000ed77dc98,0x00000000ed780000)
  to   space 26112K, 0% used [0x00000000edd80000,0x00000000edd80000,0x00000000ef700000)
 ParOldGen       total 665088K, used 631374K [0x00000000c0000000, 0x00000000e8980000, 0x00000000eab00000)
  object space 665088K, 94% used [0x00000000c0000000,0x00000000e6893a88,0x00000000e8980000)
 Metaspace       used 81029K, committed 82112K, reserved 1179648K
  class space    used 8124K, committed 8576K, reserved 1048576K
}
Event: 661.088 GC heap after
{Heap after GC invocations=2116 (full 68):
 PSYoungGen      total 51200K, used 25868K [0x00000000eab00000, 0x00000000ef900000, 0x0000000100000000)
  eden space 25088K, 0% used [0x00000000eab00000,0x00000000eab00000,0x00000000ec380000)
  from space 26112K, 99% used [0x00000000edd80000,0x00000000ef6c3168,0x00000000ef700000)
  to   space 26624K, 0% used [0x00000000ec380000,0x00000000ec380000,0x00000000edd80000)
 ParOldGen       total 665088K, used 631709K [0x00000000c0000000, 0x00000000e8980000, 0x00000000eab00000)
  object space 665088K, 94% used [0x00000000c0000000,0x00000000e68e7518,0x00000000e8980000)
 Metaspace       used 81029K, committed 82112K, reserved 1179648K
  class space    used 8124K, committed 8576K, reserved 1048576K
}
Event: 662.196 GC heap before
{Heap before GC invocations=2117 (full 68):
 PSYoungGen      total 51200K, used 50956K [0x00000000eab00000, 0x00000000ef900000, 0x0000000100000000)
  eden space 25088K, 100% used [0x00000000eab00000,0x00000000ec380000,0x00000000ec380000)
  from space 26112K, 99% used [0x00000000edd80000,0x00000000ef6c3168,0x00000000ef700000)
  to   space 26624K, 0% used [0x00000000ec380000,0x00000000ec380000,0x00000000edd80000)
 ParOldGen       total 665088K, used 631709K [0x00000000c0000000, 0x00000000e8980000, 0x00000000eab00000)
  object space 665088K, 94% used [0x00000000c0000000,0x00000000e68e7518,0x00000000e8980000)
 Metaspace       used 81056K, committed 82112K, reserved 1179648K
  class space    used 8124K, committed 8576K, reserved 1048576K
}
Event: 662.271 GC heap after
{Heap after GC invocations=2117 (full 68):
 PSYoungGen      total 51712K, used 26595K [0x00000000eab00000, 0x00000000f0700000, 0x0000000100000000)
  eden space 25088K, 0% used [0x00000000eab00000,0x00000000eab00000,0x00000000ec380000)
  from space 26624K, 99% used [0x00000000ec380000,0x00000000edd78d80,0x00000000edd80000)
  to   space 33792K, 0% used [0x00000000ee600000,0x00000000ee600000,0x00000000f0700000)
 ParOldGen       total 665088K, used 637455K [0x00000000c0000000, 0x00000000e8980000, 0x00000000eab00000)
  object space 665088K, 95% used [0x00000000c0000000,0x00000000e6e83c48,0x00000000e8980000)
 Metaspace       used 81056K, committed 82112K, reserved 1179648K
  class space    used 8124K, committed 8576K, reserved 1048576K
}

Dll operation events (10 events):
Event: 0.030 Loaded shared library c:\Users\admin\.vscode\extensions\redhat.java-1.21.0-win32-x64\jre\17.0.7-win32-x86_64\bin\java.dll
Event: 0.583 Loaded shared library c:\Users\admin\.vscode\extensions\redhat.java-1.21.0-win32-x64\jre\17.0.7-win32-x86_64\bin\zip.dll
Event: 0.586 Loaded shared library C:\Users\admin\.vscode\extensions\redhat.java-1.21.0-win32-x64\jre\17.0.7-win32-x86_64\bin\instrument.dll
Event: 0.607 Loaded shared library C:\Users\admin\.vscode\extensions\redhat.java-1.21.0-win32-x64\jre\17.0.7-win32-x86_64\bin\net.dll
Event: 0.610 Loaded shared library C:\Users\admin\.vscode\extensions\redhat.java-1.21.0-win32-x64\jre\17.0.7-win32-x86_64\bin\nio.dll
Event: 0.668 Loaded shared library C:\Users\admin\.vscode\extensions\redhat.java-1.21.0-win32-x64\jre\17.0.7-win32-x86_64\bin\zip.dll
Event: 0.816 Loaded shared library C:\Users\admin\.vscode\extensions\redhat.java-1.21.0-win32-x64\jre\17.0.7-win32-x86_64\bin\jimage.dll
Event: 1.022 Loaded shared library c:\Users\admin\.vscode\extensions\redhat.java-1.21.0-win32-x64\jre\17.0.7-win32-x86_64\bin\verify.dll
Event: 3.563 Loaded shared library C:\Users\admin\AppData\Roaming\Code\User\globalStorage\redhat.java\1.21.0\config_win\org.eclipse.equinox.launcher\org.eclipse.equinox.launcher.win32.win32.x86_64_1.2.700.v20221108-1024\eclipse_11801.dll
Event: 10.154 Loaded shared library C:\Users\admin\AppData\Local\Temp\jna-92668751\jna9252784048469830347.dll

Deoptimization events (20 events):
Event: 661.148 Thread 0x000001ff4aa38bf0 DEOPT PACKING pc=0x000001ff33a12354 sp=0x0000008b5dbfd510
Event: 661.148 Thread 0x000001ff4aa38bf0 DEOPT UNPACKING pc=0x000001ff3a9d6e43 sp=0x0000008b5dbfc950 mode 0
Event: 661.148 Thread 0x000001ff4d044530 Uncommon trap: trap_request=0xffffff45 fr.pc=0x000001ff3ba70df0 relative=0x00000000000018d0
Event: 661.148 Thread 0x000001ff4d044530 Uncommon trap: reason=unstable_if action=reinterpret pc=0x000001ff3ba70df0 method=org.eclipse.jdt.internal.compiler.lookup.ReferenceBinding.hasEnclosingInstanceContext()Z @ 45 c2
Event: 661.148 Thread 0x000001ff4d044530 DEOPT PACKING pc=0x000001ff3ba70df0 sp=0x0000008b5b3fd040
Event: 661.148 Thread 0x000001ff4d044530 DEOPT UNPACKING pc=0x000001ff3a9d66a3 sp=0x0000008b5b3fce68 mode 2
Event: 661.270 Thread 0x000001ff4d049bd0 DEOPT PACKING pc=0x000001ff3507ad0b sp=0x0000008b5d1fd5d0
Event: 661.270 Thread 0x000001ff4d049bd0 DEOPT UNPACKING pc=0x000001ff3a9d6e43 sp=0x0000008b5d1fcaf8 mode 0
Event: 661.452 Thread 0x000001ff4aa36f10 DEOPT PACKING pc=0x000001ff352c8b39 sp=0x0000008b5d5fd280
Event: 661.452 Thread 0x000001ff4aa36f10 DEOPT UNPACKING pc=0x000001ff3a9d6e43 sp=0x0000008b5d5fc720 mode 0
Event: 662.038 Thread 0x000001ff4aa38bf0 DEOPT PACKING pc=0x000001ff353d1fab sp=0x0000008b5dbfce00
Event: 662.038 Thread 0x000001ff4aa38bf0 DEOPT UNPACKING pc=0x000001ff3a9d6e43 sp=0x0000008b5dbfc370 mode 0
Event: 662.141 Thread 0x000001ff4aa36f10 DEOPT PACKING pc=0x000001ff33fa5fc4 sp=0x0000008b5d5fd930
Event: 662.141 Thread 0x000001ff4aa36f10 DEOPT UNPACKING pc=0x000001ff3a9d6e43 sp=0x0000008b5d5fcdb0 mode 0
Event: 662.298 Thread 0x000001ff4d049bd0 DEOPT PACKING pc=0x000001ff353d1fab sp=0x0000008b5d1fe020
Event: 662.298 Thread 0x000001ff4d049bd0 DEOPT UNPACKING pc=0x000001ff3a9d6e43 sp=0x0000008b5d1fd590 mode 0
Event: 662.350 Thread 0x000001ff4aa38bf0 Uncommon trap: trap_request=0xffffff45 fr.pc=0x000001ff3b5e2354 relative=0x0000000000000cb4
Event: 662.350 Thread 0x000001ff4aa38bf0 Uncommon trap: reason=unstable_if action=reinterpret pc=0x000001ff3b5e2354 method=java.util.concurrent.ConcurrentHashMap.addCount(JI)V @ 7 c2
Event: 662.350 Thread 0x000001ff4aa38bf0 DEOPT PACKING pc=0x000001ff3b5e2354 sp=0x0000008b5dbfc720
Event: 662.350 Thread 0x000001ff4aa38bf0 DEOPT UNPACKING pc=0x000001ff3a9d66a3 sp=0x0000008b5dbfc5e0 mode 2

Classes unloaded (20 events):
Event: 639.543 Thread 0x000001ff445c6730 Unloading class 0x00000001001dc400 'java/lang/invoke/LambdaForm$MH+0x00000001001dc400'
Event: 639.543 Thread 0x000001ff445c6730 Unloading class 0x00000001001dc000 'java/lang/invoke/LambdaForm$MH+0x00000001001dc000'
Event: 639.543 Thread 0x000001ff445c6730 Unloading class 0x00000001001c6c00 'java/lang/invoke/LambdaForm$MH+0x00000001001c6c00'
Event: 639.543 Thread 0x000001ff445c6730 Unloading class 0x00000001001c6800 'java/lang/invoke/LambdaForm$MH+0x00000001001c6800'
Event: 639.543 Thread 0x000001ff445c6730 Unloading class 0x00000001001c6000 'java/lang/invoke/LambdaForm$MH+0x00000001001c6000'
Event: 639.543 Thread 0x000001ff445c6730 Unloading class 0x0000000100129000 'jdk/internal/reflect/GeneratedMethodAccessor5'
Event: 639.543 Thread 0x000001ff445c6730 Unloading class 0x0000000100128c00 'jdk/internal/reflect/GeneratedMethodAccessor4'
Event: 639.543 Thread 0x000001ff445c6730 Unloading class 0x0000000100128800 'jdk/internal/reflect/GeneratedMethodAccessor3'
Event: 639.543 Thread 0x000001ff445c6730 Unloading class 0x0000000100128400 'jdk/internal/reflect/GeneratedMethodAccessor2'
Event: 639.543 Thread 0x000001ff445c6730 Unloading class 0x0000000100128000 'jdk/internal/reflect/GeneratedMethodAccessor1'
Event: 643.241 Thread 0x000001ff445c6730 Unloading class 0x000000010045a000 'java/lang/invoke/LambdaForm$DMH+0x000000010045a000'
Event: 643.241 Thread 0x000001ff445c6730 Unloading class 0x0000000100442000 'java/lang/invoke/LambdaForm$MH+0x0000000100442000'
Event: 643.241 Thread 0x000001ff445c6730 Unloading class 0x0000000100441c00 'java/lang/invoke/LambdaForm$MH+0x0000000100441c00'
Event: 643.241 Thread 0x000001ff445c6730 Unloading class 0x0000000100441800 'java/lang/invoke/LambdaForm$MH+0x0000000100441800'
Event: 643.241 Thread 0x000001ff445c6730 Unloading class 0x0000000100441400 'java/lang/invoke/LambdaForm$MH+0x0000000100441400'
Event: 643.241 Thread 0x000001ff445c6730 Unloading class 0x0000000100441000 'java/lang/invoke/LambdaForm$MH+0x0000000100441000'
Event: 643.241 Thread 0x000001ff445c6730 Unloading class 0x0000000100249800 'java/lang/invoke/LambdaForm$MH+0x0000000100249800'
Event: 643.241 Thread 0x000001ff445c6730 Unloading class 0x0000000100249400 'java/lang/invoke/LambdaForm$MH+0x0000000100249400'
Event: 643.241 Thread 0x000001ff445c6730 Unloading class 0x0000000100249000 'java/lang/invoke/LambdaForm$MH+0x0000000100249000'
Event: 643.242 Thread 0x000001ff445c6730 Unloading class 0x00000001001d2000 'jdk/internal/reflect/GeneratedConstructorAccessor3'

Classes redefined (0 events):
No events

Internal exceptions (20 events):
Event: 656.776 Thread 0x000001ff4d049bd0 Exception <a 'java/lang/NullPointerException'{0x00000000ebf0c320}> (0x00000000ebf0c320) 
thrown [s\src\hotspot\share\runtime\sharedRuntime.cpp, line 628]
Event: 656.778 Thread 0x000001ff4d044530 Implicit null exception at 0x000001ff35286cc6 to 0x000001ff35287c53
Event: 656.779 Thread 0x000001ff4d044530 Exception <a 'java/lang/NullPointerException'{0x00000000ebf9bf28}> (0x00000000ebf9bf28) 
thrown [s\src\hotspot\share\runtime\sharedRuntime.cpp, line 628]
Event: 656.779 Thread 0x000001ff4d044530 Implicit null exception at 0x000001ff35286cc6 to 0x000001ff35287c53
Event: 656.779 Thread 0x000001ff4d044530 Exception <a 'java/lang/NullPointerException'{0x00000000ebf9d408}> (0x00000000ebf9d408) 
thrown [s\src\hotspot\share\runtime\sharedRuntime.cpp, line 628]
Event: 656.779 Thread 0x000001ff4d044530 Implicit null exception at 0x000001ff35286cc6 to 0x000001ff35287c53
Event: 656.779 Thread 0x000001ff4d044530 Exception <a 'java/lang/NullPointerException'{0x00000000ebfa15b0}> (0x00000000ebfa15b0) 
thrown [s\src\hotspot\share\runtime\sharedRuntime.cpp, line 628]
Event: 656.780 Thread 0x000001ff4d044530 Implicit null exception at 0x000001ff35286cc6 to 0x000001ff35287c53
Event: 656.780 Thread 0x000001ff4d044530 Exception <a 'java/lang/NullPointerException'{0x00000000ebfa20c8}> (0x00000000ebfa20c8) 
thrown [s\src\hotspot\share\runtime\sharedRuntime.cpp, line 628]
Event: 656.780 Thread 0x000001ff4d044530 Implicit null exception at 0x000001ff35286cc6 to 0x000001ff35287c53
Event: 656.780 Thread 0x000001ff4d044530 Exception <a 'java/lang/NullPointerException'{0x00000000ebfa2c40}> (0x00000000ebfa2c40) 
thrown [s\src\hotspot\share\runtime\sharedRuntime.cpp, line 628]
Event: 656.781 Thread 0x000001ff4d049bd0 Exception <a 'java/lang/ClassCastException'{0x00000000ebfc5780}> (0x00000000ebfc5780) 
thrown [s\src\hotspot\share\runtime\sharedRuntime.cpp, line 628]
Event: 656.783 Thread 0x000001ff4d044530 Exception <a 'java/lang/ClassCastException'{0x00000000ec05d718}> (0x00000000ec05d718) 
thrown [s\src\hotspot\share\runtime\sharedRuntime.cpp, line 628]
Event: 656.783 Thread 0x000001ff4d044530 Exception <a 'java/lang/ClassCastException'{0x00000000ec061ee0}> (0x00000000ec061ee0) 
thrown [s\src\hotspot\share\runtime\sharedRuntime.cpp, line 628]
Event: 656.788 Thread 0x000001ff4d049bd0 Exception <a 'java/lang/ClassCastException'{0x00000000ebfc9cc0}> (0x00000000ebfc9cc0) 
thrown [s\src\hotspot\share\runtime\sharedRuntime.cpp, line 628]
Event: 656.788 Thread 0x000001ff4d044530 Exception <a 'java/lang/ClassCastException'{0x00000000ec08f0c8}> (0x00000000ec08f0c8) 
thrown [s\src\hotspot\share\runtime\sharedRuntime.cpp, line 628]
Event: 656.789 Thread 0x000001ff4d044530 Exception <a 'java/lang/ClassCastException'{0x00000000ec092940}> (0x00000000ec092940) 
thrown [s\src\hotspot\share\runtime\sharedRuntime.cpp, line 628]
Event: 656.865 Thread 0x000001ff4d049bd0 Exception <a 'java/lang/ClassCastException'{0x00000000eab13798}> (0x00000000eab13798) 
thrown [s\src\hotspot\share\runtime\sharedRuntime.cpp, line 628]
Event: 656.865 Thread 0x000001ff4d049bd0 Exception <a 'java/lang/ClassCastException'{0x00000000eab17010}> (0x00000000eab17010) 
thrown [s\src\hotspot\share\runtime\sharedRuntime.cpp, line 628]
Event: 658.340 Thread 0x000001ff4d044530 Implicit null exception at 0x000001ff3b3ab7d0 to 0x000001ff3b3abbf4

VM Operations (20 events):
Event: 655.954 Executing VM operation: ParallelGCFailedAllocation
Event: 656.020 Executing VM operation: ParallelGCFailedAllocation done
Event: 656.793 Executing VM operation: ParallelGCFailedAllocation
Event: 656.875 Executing VM operation: ParallelGCFailedAllocation done
Event: 657.447 Executing VM operation: ParallelGCFailedAllocation
Event: 657.493 Executing VM operation: ParallelGCFailedAllocation done
Event: 658.499 Executing VM operation: Cleanup
Event: 658.551 Executing VM operation: Cleanup done
Event: 658.577 Executing VM operation: HandshakeAllThreads
Event: 658.775 Executing VM operation: HandshakeAllThreads done
Event: 658.898 Executing VM operation: ParallelGCFailedAllocation
Event: 658.994 Executing VM operation: ParallelGCFailedAllocation done
Event: 659.995 Executing VM operation: Cleanup
Event: 660.150 Executing VM operation: Cleanup done
Event: 661.005 Executing VM operation: ParallelGCFailedAllocation
Event: 661.091 Executing VM operation: ParallelGCFailedAllocation done
Event: 662.098 Executing VM operation: Cleanup
Event: 662.151 Executing VM operation: Cleanup done
Event: 662.195 Executing VM operation: ParallelGCFailedAllocation
Event: 662.290 Executing VM operation: ParallelGCFailedAllocation done

Events (20 events):
Event: 658.833 Thread 0x000001ff4464ded0 flushing nmethod 0x000001ff35169910
Event: 658.833 Thread 0x000001ff4464ded0 flushing nmethod 0x000001ff3516aa10
Event: 658.833 Thread 0x000001ff4464ded0 flushing nmethod 0x000001ff351cce90
Event: 658.833 Thread 0x000001ff4464ded0 flushing nmethod 0x000001ff351cdc10
Event: 658.834 Thread 0x000001ff4464ded0 flushing nmethod 0x000001ff351f9b10
Event: 658.834 Thread 0x000001ff4464ded0 flushing nmethod 0x000001ff35267310
Event: 658.834 Thread 0x000001ff4464ded0 flushing nmethod 0x000001ff35268a10
Event: 658.834 Thread 0x000001ff4464ded0 flushing nmethod 0x000001ff35268d90
Event: 658.834 Thread 0x000001ff4464ded0 flushing nmethod 0x000001ff3526aa10
Event: 658.834 Thread 0x000001ff4464ded0 flushing nmethod 0x000001ff3526c510
Event: 658.834 Thread 0x000001ff4464ded0 flushing nmethod 0x000001ff3526d810
Event: 658.834 Thread 0x000001ff4464ded0 flushing nmethod 0x000001ff3527d090
Event: 658.834 Thread 0x000001ff4464ded0 flushing nmethod 0x000001ff3527dc10
Event: 658.834 Thread 0x000001ff4464ded0 flushing nmethod 0x000001ff3527e790
Event: 658.834 Thread 0x000001ff4464ded0 flushing nmethod 0x000001ff35283c10
Event: 658.834 Thread 0x000001ff4464ded0 flushing nmethod 0x000001ff35285090
Event: 658.834 Thread 0x000001ff4464ded0 flushing nmethod 0x000001ff35292390
Event: 658.834 Thread 0x000001ff4464ded0 flushing nmethod 0x000001ff35294b10
Event: 658.834 Thread 0x000001ff4464ded0 flushing nmethod 0x000001ff35294f90
Event: 658.834 Thread 0x000001ff4464ded0 flushing nmethod 0x000001ff35295790


Dynamic libraries:
0x00007ff754440000 - 0x00007ff75444e000 	c:\Users\admin\.vscode\extensions\redhat.java-1.21.0-win32-x64\jre\17.0.7-win32-x86_64\bin\java.exe
0x00007ffc76e70000 - 0x00007ffc77068000 	C:\WINDOWS\SYSTEM32\ntdll.dll
0x00007ffc752b0000 - 0x00007ffc7536f000 	C:\WINDOWS\System32\KERNEL32.DLL
0x00007ffc74a20000 - 0x00007ffc74d16000 	C:\WINDOWS\System32\KERNELBASE.dll
0x00007ffc74550000 - 0x00007ffc74650000 	C:\WINDOWS\System32\ucrtbase.dll
0x00007ffc670f0000 - 0x00007ffc67107000 	c:\Users\admin\.vscode\extensions\redhat.java-1.21.0-win32-x64\jre\17.0.7-win32-x86_64\bin\jli.dll
0x00007ffc76730000 - 0x00007ffc768cd000 	C:\WINDOWS\System32\USER32.dll
0x00007ffc74820000 - 0x00007ffc74842000 	C:\WINDOWS\System32\win32u.dll
0x00007ffc76df0000 - 0x00007ffc76e1c000 	C:\WINDOWS\System32\GDI32.dll
0x00007ffc74700000 - 0x00007ffc74815000 	C:\WINDOWS\System32\gdi32full.dll
0x00007ffc74980000 - 0x00007ffc74a1d000 	C:\WINDOWS\System32\msvcp_win.dll
0x00007ffc61460000 - 0x00007ffc61479000 	c:\Users\admin\.vscode\extensions\redhat.java-1.21.0-win32-x64\jre\17.0.7-win32-x86_64\bin\VCRUNTIME140.dll
0x00007ffc63d60000 - 0x00007ffc63ffa000 	C:\WINDOWS\WinSxS\amd64_microsoft.windows.common-controls_6595b64144ccf1df_6.0.19041.1110_none_60b5254171f9507e\COMCTL32.dll
0x00007ffc74ed0000 - 0x00007ffc74f6e000 	C:\WINDOWS\System32\msvcrt.dll
0x00007ffc76c30000 - 0x00007ffc76c60000 	C:\WINDOWS\System32\IMM32.DLL
0x00007ffc64090000 - 0x00007ffc6409c000 	c:\Users\admin\.vscode\extensions\redhat.java-1.21.0-win32-x64\jre\17.0.7-win32-x86_64\bin\vcruntime140_1.dll
0x00007ffc44ce0000 - 0x00007ffc44d71000 	c:\Users\admin\.vscode\extensions\redhat.java-1.21.0-win32-x64\jre\17.0.7-win32-x86_64\bin\msvcp140.dll
0x00007ffc2a5b0000 - 0x00007ffc2b1f8000 	c:\Users\admin\.vscode\extensions\redhat.java-1.21.0-win32-x64\jre\17.0.7-win32-x86_64\bin\server\jvm.dll
0x00007ffc76c60000 - 0x00007ffc76d0f000 	C:\WINDOWS\System32\ADVAPI32.dll
0x00007ffc74f70000 - 0x00007ffc7500c000 	C:\WINDOWS\System32\sechost.dll
0x00007ffc75370000 - 0x00007ffc75496000 	C:\WINDOWS\System32\RPCRT4.dll
0x00007ffc613b0000 - 0x00007ffc613b9000 	C:\WINDOWS\SYSTEM32\WSOCK32.dll
0x00007ffc765a0000 - 0x00007ffc7660b000 	C:\WINDOWS\System32\WS2_32.dll
0x00007ffc65160000 - 0x00007ffc65187000 	C:\WINDOWS\SYSTEM32\WINMM.dll
0x00007ffc66b60000 - 0x00007ffc66b6a000 	C:\WINDOWS\SYSTEM32\VERSION.dll
0x00007ffc73000000 - 0x00007ffc73012000 	C:\WINDOWS\SYSTEM32\kernel.appcore.dll
0x00007ffc602d0000 - 0x00007ffc602da000 	c:\Users\admin\.vscode\extensions\redhat.java-1.21.0-win32-x64\jre\17.0.7-win32-x86_64\bin\jimage.dll
0x00007ffc64cb0000 - 0x00007ffc64e94000 	C:\WINDOWS\SYSTEM32\DBGHELP.DLL
0x00007ffc647d0000 - 0x00007ffc64804000 	C:\WINDOWS\SYSTEM32\dbgcore.DLL
0x00007ffc74880000 - 0x00007ffc74902000 	C:\WINDOWS\System32\bcryptPrimitives.dll
0x00007ffc602c0000 - 0x00007ffc602ce000 	c:\Users\admin\.vscode\extensions\redhat.java-1.21.0-win32-x64\jre\17.0.7-win32-x86_64\bin\instrument.dll
0x00007ffc4f020000 - 0x00007ffc4f045000 	c:\Users\admin\.vscode\extensions\redhat.java-1.21.0-win32-x64\jre\17.0.7-win32-x86_64\bin\java.dll
0x00007ffc60100000 - 0x00007ffc60118000 	c:\Users\admin\.vscode\extensions\redhat.java-1.21.0-win32-x64\jre\17.0.7-win32-x86_64\bin\zip.dll
0x00007ffc757e0000 - 0x00007ffc75f24000 	C:\WINDOWS\System32\SHELL32.dll
0x00007ffc725b0000 - 0x00007ffc72d44000 	C:\WINDOWS\SYSTEM32\windows.storage.dll
0x00007ffc768d0000 - 0x00007ffc76c24000 	C:\WINDOWS\System32\combase.dll
0x00007ffc73f90000 - 0x00007ffc73fbe000 	C:\WINDOWS\SYSTEM32\Wldp.dll
0x00007ffc75200000 - 0x00007ffc752ad000 	C:\WINDOWS\System32\SHCORE.dll
0x00007ffc76d10000 - 0x00007ffc76d65000 	C:\WINDOWS\System32\shlwapi.dll
0x00007ffc74480000 - 0x00007ffc744a5000 	C:\WINDOWS\SYSTEM32\profapi.dll
0x00007ffc56970000 - 0x00007ffc56989000 	C:\Users\admin\.vscode\extensions\redhat.java-1.21.0-win32-x64\jre\17.0.7-win32-x86_64\bin\net.dll
0x00007ffc6ba60000 - 0x00007ffc6bb6a000 	C:\WINDOWS\SYSTEM32\WINHTTP.dll
0x00007ffc73cf0000 - 0x00007ffc73d5a000 	C:\WINDOWS\system32\mswsock.dll
0x00007ffc4f000000 - 0x00007ffc4f015000 	C:\Users\admin\.vscode\extensions\redhat.java-1.21.0-win32-x64\jre\17.0.7-win32-x86_64\bin\nio.dll
0x00007ffc5f520000 - 0x00007ffc5f530000 	c:\Users\admin\.vscode\extensions\redhat.java-1.21.0-win32-x64\jre\17.0.7-win32-x86_64\bin\verify.dll
0x00007ffc4e500000 - 0x00007ffc4e53e000 	C:\Users\admin\AppData\Roaming\Code\User\globalStorage\redhat.java\1.21.0\config_win\org.eclipse.equinox.launcher\org.eclipse.equinox.launcher.win32.win32.x86_64_1.2.700.v20221108-1024\eclipse_11801.dll
0x00007ffc75f30000 - 0x00007ffc7605a000 	C:\WINDOWS\System32\ole32.dll
0x00007ffc73ee0000 - 0x00007ffc73ef8000 	C:\WINDOWS\SYSTEM32\CRYPTSP.dll
0x00007ffc735a0000 - 0x00007ffc735d4000 	C:\WINDOWS\system32\rsaenh.dll
0x00007ffc74850000 - 0x00007ffc74877000 	C:\WINDOWS\System32\bcrypt.dll
0x00007ffc74440000 - 0x00007ffc7446e000 	C:\WINDOWS\SYSTEM32\USERENV.dll
0x00007ffc73f00000 - 0x00007ffc73f0c000 	C:\WINDOWS\SYSTEM32\CRYPTBASE.dll
0x00007ffc73990000 - 0x00007ffc739cc000 	C:\WINDOWS\SYSTEM32\IPHLPAPI.DLL
0x00007ffc76e20000 - 0x00007ffc76e28000 	C:\WINDOWS\System32\NSI.dll
0x00007ffc6b980000 - 0x00007ffc6b997000 	C:\WINDOWS\SYSTEM32\dhcpcsvc6.DLL
0x00007ffc6b960000 - 0x00007ffc6b97d000 	C:\WINDOWS\SYSTEM32\dhcpcsvc.DLL
0x00007ffc739d0000 - 0x00007ffc73a9a000 	C:\WINDOWS\SYSTEM32\DNSAPI.dll
0x00007ffc4be30000 - 0x00007ffc4be75000 	C:\Users\admin\AppData\Local\Temp\jna-92668751\jna9252784048469830347.dll
0x00007ffc760c0000 - 0x00007ffc760c8000 	C:\WINDOWS\System32\PSAPI.DLL

dbghelp: loaded successfully - version: 4.0.5 - missing functions: none
symbol engine: initialized successfully - sym options: 0x614 - pdb path: .;c:\Users\admin\.vscode\extensions\redhat.java-1.21.0-win32-x64\jre\17.0.7-win32-x86_64\bin;C:\WINDOWS\SYSTEM32;C:\WINDOWS\WinSxS\amd64_microsoft.windows.common-controls_6595b64144ccf1df_6.0.19041.1110_none_60b5254171f9507e;c:\Users\admin\.vscode\extensions\redhat.java-1.21.0-win32-x64\jre\17.0.7-win32-x86_64\bin\server;C:\Users\admin\AppData\Roaming\Code\User\globalStorage\redhat.java\1.21.0\config_win\org.eclipse.equinox.launcher\org.eclipse.equinox.launcher.win32.win32.x86_64_1.2.700.v20221108-1024;C:\Users\admin\AppData\Local\Temp\jna-92668751

VM Arguments:
jvm_args: --add-modules=ALL-SYSTEM --add-opens=java.base/java.util=ALL-UNNAMED --add-opens=java.base/java.lang=ALL-UNNAMED --add-opens=java.base/sun.nio.fs=ALL-UNNAMED -Declipse.application=org.eclipse.jdt.ls.core.id1 -Dosgi.bundles.defaultStartLevel=4 -Declipse.product=org.eclipse.jdt.ls.core.product -Djava.import.generatesMetadataFilesAtProjectRoot=false -Dfile.encoding=utf8 -XX:+UseParallelGC -XX:GCTimeRatio=4 -XX:AdaptiveSizePolicyWeight=90 -Dsun.zip.disableMemoryMapping=true -Xmx1G -Xms100m -Xlog:disable -javaagent:c:\Users\admin\.vscode\extensions\redhat.java-1.21.0-win32-x64\lombok\lombok-1.18.28.jar -XX:+HeapDumpOnOutOfMemoryError -XX:HeapDumpPath=c:\Users\admin\AppData\Roaming\Code\User\workspaceStorage\94fc6edb0265924fcc47b856469917b5\redhat.java -Daether.dependencyCollector.impl=bf 
java_command: c:\Users\admin\.vscode\extensions\redhat.java-1.21.0-win32-x64\server\plugins\org.eclipse.equinox.launcher_1.6.500.v20230717-2134.jar -configuration c:\Users\admin\AppData\Roaming\Code\User\globalStorage\redhat.java\1.21.0\config_win -data c:\Users\admin\AppData\Roaming\Code\User\workspaceStorage\94fc6edb0265924fcc47b856469917b5\redhat.java\jdt_ws
java_class_path (initial): c:\Users\admin\.vscode\extensions\redhat.java-1.21.0-win32-x64\server\plugins\org.eclipse.equinox.launcher_1.6.500.v20230717-2134.jar
Launcher Type: SUN_STANDARD

[Global flags]
    uintx AdaptiveSizePolicyWeight                 = 90                                        {product} {command line}
     intx CICompilerCount                          = 3                                         {product} {ergonomic}
    uintx GCTimeRatio                              = 4                                         {product} {command line}
     bool HeapDumpOnOutOfMemoryError               = true                                   {manageable} {command line}
    ccstr HeapDumpPath                             = c:\Users\admin\AppData\Roaming\Code\User\workspaceStorage\94fc6edb0265924fcc47b856469917b5\redhat.java         {manageable} {command line}
   size_t InitialHeapSize                          = 104857600                                 {product} {command line}
   size_t MaxHeapSize                              = 1073741824                                {product} {command line}
   size_t MaxNewSize                               = 357564416                                 {product} {ergonomic}
   size_t MinHeapDeltaBytes                        = 524288                                    {product} {ergonomic}
   size_t MinHeapSize                              = 104857600                                 {product} {command line}
   size_t NewSize                                  = 34603008                                  {product} {ergonomic}
    uintx NonNMethodCodeHeapSize                   = 5832780                                {pd product} {ergonomic}
    uintx NonProfiledCodeHeapSize                  = 122912730                              {pd product} {ergonomic}
   size_t OldSize                                  = 70254592                                  {product} {ergonomic}
    uintx ProfiledCodeHeapSize                     = 122912730                              {pd product} {ergonomic}
    uintx ReservedCodeCacheSize                    = 251658240                              {pd product} {ergonomic}
     bool SegmentedCodeCache                       = true                                      {product} {ergonomic}
   size_t SoftMaxHeapSize                          = 1073741824                             {manageable} {ergonomic}
     bool UseCompressedClassPointers               = true                           {product lp64_product} {ergonomic}
     bool UseCompressedOops                        = true                           {product lp64_product} {ergonomic}
     bool UseLargePagesIndividualAllocation        = false                                  {pd product} {ergonomic}
     bool UseParallelGC                            = true                                      {product} {command line}

Logging:
Log output configuration:
 #0: stdout all=off uptime,level,tags
 #1: stderr all=off uptime,level,tags

Environment Variables:
PATH=D:\VMWare\bin\;C:\Program Files\Common Files\Oracle\Java\javapath;C:\WINDOWS\system32;C:\WINDOWS;C:\WINDOWS\System32\Wbem;C:\WINDOWS\System32\WindowsPowerShell\v1.0\;C:\WINDOWS\System32\OpenSSH\;C:\Program Files\dotnet\;C:\msys64\mingw64\bin;C:\TDM-GCC-64\bin;C:\Program Files\CodeBlocks\MinGW\bin;C:\Program Files\CodeBlocks\MinGW\bin;C:\Program Files\nodejs\;C:\Program Files\MongoDB\Server\6.0\bin;C:\Program Files\mongosh-1.6.0-win32-x64\bin;D:\GIT\Git\cmd;C:\Program Files\Cloudflare\Cloudflare WARP\;C:\Program Files\MySQL\MySQL Shell 8.0\bin\;C:\Users\admin\AppData\Local\Programs\Python\Python310\Scripts\;C:\Users\admin\AppData\Local\Programs\Python\Python310\;C:\Users\admin\AppData\Local\Microsoft\WindowsApps;C:\Users\admin\AppData\Local\Programs\Microsoft VS Code\bin;D:\Hroku\heroku\bin;C:\Users\admin\AppData\Roaming\npm;C:\Users\admin\AppData\Local\GitHubDesktop\bin
USERNAME=admin
OS=Windows_NT
PROCESSOR_IDENTIFIER=Intel64 Family 6 Model 60 Stepping 3, GenuineIntel
TMP=C:\Users\admin\AppData\Local\Temp
TEMP=C:\Users\admin\AppData\Local\Temp



---------------  S Y S T E M  ---------------

OS:
 Windows 10 , 64 bit Build 19041 (10.0.19041.3155)
OS uptime: 2 days 6:31 hours

CPU: total 4 (initial active 4) (2 cores per cpu, 2 threads per core) family 6 model 60 stepping 3 microcode 0x27, cx8, cmov, fxsr, ht, mmx, sse, sse2, sse3, ssse3, sse4.1, sse4.2, popcnt, lzcnt, tsc, tscinvbit, avx, avx2, aes, erms, clmul, bmi1, bmi2, fma, vzeroupper, clflush

Memory: 4k page, system-wide physical 8071M (721M free)
TotalPageFile size 9463M (AvailPageFile size 7M)
current process WorkingSet (physical memory assigned to process): 1056M, peak: 1060M
current process commit charge ("private bytes"): 1069M, peak: 1072M

vm_info: OpenJDK 64-Bit Server VM (17.0.7+7) for windows-amd64 JRE (17.0.7+7), built on Apr 18 2023 22:10:42 by "temurin" with MS VC++ 16.7 (VS2019)

END.
